DEBUG:PIL.PngImagePlugin:STREAM b'IHDR' 16 13
DEBUG:PIL.PngImagePlugin:STREAM b'oFFs' 41 9
DEBUG:PIL.PngImagePlugin:b'oFFs' 41 9 (unknown)
DEBUG:PIL.PngImagePlugin:STREAM b'pHYs' 62 9
DEBUG:PIL.PngImagePlugin:STREAM b'zTXt' 83 2734
DEBUG:PIL.PngImagePlugin:STREAM b'zTXt' 2829 1728
DEBUG:PIL.PngImagePlugin:STREAM b'IDAT' 4569 20185
DEBUG:PIL.PngImagePlugin:STREAM b'zTXt' 24766 45
DEBUG:PIL.PngImagePlugin:STREAM b'zTXt' 24823 38
DEBUG:PIL.PngImagePlugin:STREAM b'IHDR' 16 13
DEBUG:PIL.PngImagePlugin:STREAM b'oFFs' 41 9
DEBUG:PIL.PngImagePlugin:b'oFFs' 41 9 (unknown)
DEBUG:PIL.PngImagePlugin:STREAM b'pHYs' 62 9
DEBUG:PIL.PngImagePlugin:STREAM b'zTXt' 83 2734
DEBUG:PIL.PngImagePlugin:STREAM b'zTXt' 2829 1728
DEBUG:PIL.PngImagePlugin:STREAM b'IDAT' 4569 20185
DEBUG:PIL.PngImagePlugin:STREAM b'zTXt' 24766 45
DEBUG:PIL.PngImagePlugin:STREAM b'zTXt' 24823 38
DEBUG:PIL.PngImagePlugin:STREAM b'IHDR' 16 13
DEBUG:PIL.PngImagePlugin:STREAM b'oFFs' 41 9
DEBUG:PIL.PngImagePlugin:b'oFFs' 41 9 (unknown)
DEBUG:PIL.PngImagePlugin:STREAM b'pHYs' 62 9
DEBUG:PIL.PngImagePlugin:STREAM b'zTXt' 83 2734
DEBUG:PIL.PngImagePlugin:STREAM b'zTXt' 2829 1728
DEBUG:PIL.PngImagePlugin:STREAM b'IDAT' 4569 19421
DEBUG:PIL.PngImagePlugin:STREAM b'zTXt' 24002 45
DEBUG:PIL.PngImagePlugin:STREAM b'zTXt' 24059 38
DEBUG:PIL.PngImagePlugin:STREAM b'IHDR' 16 13
DEBUG:PIL.PngImagePlugin:STREAM b'oFFs' 41 9
DEBUG:PIL.PngImagePlugin:b'oFFs' 41 9 (unknown)
DEBUG:PIL.PngImagePlugin:STREAM b'pHYs' 62 9
DEBUG:PIL.PngImagePlugin:STREAM b'zTXt' 83 2734
DEBUG:PIL.PngImagePlugin:STREAM b'zTXt' 2829 1728
DEBUG:PIL.PngImagePlugin:STREAM b'IDAT' 4569 20185
DEBUG:PIL.PngImagePlugin:STREAM b'zTXt' 24766 45
DEBUG:PIL.PngImagePlugin:STREAM b'zTXt' 24823 38
DEBUG:PIL.PngImagePlugin:STREAM b'IHDR' 16 13
DEBUG:PIL.PngImagePlugin:STREAM b'oFFs' 41 9
DEBUG:PIL.PngImagePlugin:b'oFFs' 41 9 (unknown)
DEBUG:PIL.PngImagePlugin:STREAM b'pHYs' 62 9
DEBUG:PIL.PngImagePlugin:STREAM b'zTXt' 83 2734
DEBUG:PIL.PngImagePlugin:STREAM b'zTXt' 2829 1728
DEBUG:PIL.PngImagePlugin:STREAM b'IDAT' 4569 19421
DEBUG:PIL.PngImagePlugin:STREAM b'zTXt' 24002 45
DEBUG:PIL.PngImagePlugin:STREAM b'zTXt' 24059 38
DEBUG:PIL.PngImagePlugin:STREAM b'IHDR' 16 13
DEBUG:PIL.PngImagePlugin:STREAM b'oFFs' 41 9
DEBUG:PIL.PngImagePlugin:b'oFFs' 41 9 (unknown)
DEBUG:PIL.PngImagePlugin:STREAM b'pHYs' 62 9
DEBUG:PIL.PngImagePlugin:STREAM b'zTXt' 83 2145
DEBUG:PIL.PngImagePlugin:STREAM b'zTXt' 2240 1733
DEBUG:PIL.PngImagePlugin:STREAM b'IDAT' 3985 4321
DEBUG:PIL.PngImagePlugin:STREAM b'zTXt' 8318 45
DEBUG:PIL.PngImagePlugin:STREAM b'zTXt' 8375 38
DEBUG:PIL.PngImagePlugin:STREAM b'IHDR' 16 13
DEBUG:PIL.PngImagePlugin:STREAM b'oFFs' 41 9
DEBUG:PIL.PngImagePlugin:b'oFFs' 41 9 (unknown)
DEBUG:PIL.PngImagePlugin:STREAM b'pHYs' 62 9
DEBUG:PIL.PngImagePlugin:STREAM b'zTXt' 83 2734
DEBUG:PIL.PngImagePlugin:STREAM b'zTXt' 2829 1728
DEBUG:PIL.PngImagePlugin:STREAM b'IDAT' 4569 20185
DEBUG:PIL.PngImagePlugin:STREAM b'zTXt' 24766 45
DEBUG:PIL.PngImagePlugin:STREAM b'zTXt' 24823 38
DEBUG:PIL.PngImagePlugin:STREAM b'IHDR' 16 13
DEBUG:PIL.PngImagePlugin:STREAM b'oFFs' 41 9
DEBUG:PIL.PngImagePlugin:b'oFFs' 41 9 (unknown)
DEBUG:PIL.PngImagePlugin:STREAM b'pHYs' 62 9
DEBUG:PIL.PngImagePlugin:STREAM b'zTXt' 83 2734
DEBUG:PIL.PngImagePlugin:STREAM b'zTXt' 2829 1728
DEBUG:PIL.PngImagePlugin:STREAM b'IDAT' 4569 20185
DEBUG:PIL.PngImagePlugin:STREAM b'zTXt' 24766 45
DEBUG:PIL.PngImagePlugin:STREAM b'zTXt' 24823 38
DEBUG:PIL.PngImagePlugin:STREAM b'IHDR' 16 13
DEBUG:PIL.PngImagePlugin:STREAM b'oFFs' 41 9
DEBUG:PIL.PngImagePlugin:b'oFFs' 41 9 (unknown)
DEBUG:PIL.PngImagePlugin:STREAM b'pHYs' 62 9
DEBUG:PIL.PngImagePlugin:STREAM b'zTXt' 83 2734
DEBUG:PIL.PngImagePlugin:STREAM b'zTXt' 2829 1728
DEBUG:PIL.PngImagePlugin:STREAM b'IDAT' 4569 20185
DEBUG:PIL.PngImagePlugin:STREAM b'zTXt' 24766 45
DEBUG:PIL.PngImagePlugin:STREAM b'zTXt' 24823 38
DEBUG:PIL.PngImagePlugin:STREAM b'IHDR' 16 13
DEBUG:PIL.PngImagePlugin:STREAM b'oFFs' 41 9
DEBUG:PIL.PngImagePlugin:b'oFFs' 41 9 (unknown)
DEBUG:PIL.PngImagePlugin:STREAM b'pHYs' 62 9
DEBUG:PIL.PngImagePlugin:STREAM b'zTXt' 83 2734
DEBUG:PIL.PngImagePlugin:STREAM b'zTXt' 2829 1728
DEBUG:PIL.PngImagePlugin:STREAM b'IDAT' 4569 20185
DEBUG:PIL.PngImagePlugin:STREAM b'zTXt' 24766 45
DEBUG:PIL.PngImagePlugin:STREAM b'zTXt' 24823 38
DEBUG:PIL.PngImagePlugin:STREAM b'IHDR' 16 13
DEBUG:PIL.PngImagePlugin:STREAM b'oFFs' 41 9
DEBUG:PIL.PngImagePlugin:b'oFFs' 41 9 (unknown)
DEBUG:PIL.PngImagePlugin:STREAM b'pHYs' 62 9
DEBUG:PIL.PngImagePlugin:STREAM b'zTXt' 83 2734
DEBUG:PIL.PngImagePlugin:STREAM b'zTXt' 2829 1728
DEBUG:PIL.PngImagePlugin:STREAM b'IDAT' 4569 20185
DEBUG:PIL.PngImagePlugin:STREAM b'zTXt' 24766 45
DEBUG:PIL.PngImagePlugin:STREAM b'zTXt' 24823 38
DEBUG:PIL.PngImagePlugin:STREAM b'IHDR' 16 13
DEBUG:PIL.PngImagePlugin:STREAM b'oFFs' 41 9
DEBUG:PIL.PngImagePlugin:b'oFFs' 41 9 (unknown)
DEBUG:PIL.PngImagePlugin:STREAM b'pHYs' 62 9
DEBUG:PIL.PngImagePlugin:STREAM b'zTXt' 83 2734
DEBUG:PIL.PngImagePlugin:STREAM b'zTXt' 2829 1728
DEBUG:PIL.PngImagePlugin:STREAM b'IDAT' 4569 20185
DEBUG:PIL.PngImagePlugin:STREAM b'zTXt' 24766 45
DEBUG:PIL.PngImagePlugin:STREAM b'zTXt' 24823 38
DEBUG:PIL.PngImagePlugin:STREAM b'IHDR' 16 13
DEBUG:PIL.PngImagePlugin:STREAM b'oFFs' 41 9
DEBUG:PIL.PngImagePlugin:b'oFFs' 41 9 (unknown)
DEBUG:PIL.PngImagePlugin:STREAM b'pHYs' 62 9
DEBUG:PIL.PngImagePlugin:STREAM b'zTXt' 83 2734
DEBUG:PIL.PngImagePlugin:STREAM b'zTXt' 2829 1728
DEBUG:PIL.PngImagePlugin:STREAM b'IDAT' 4569 20185
DEBUG:PIL.PngImagePlugin:STREAM b'zTXt' 24766 45
DEBUG:PIL.PngImagePlugin:STREAM b'zTXt' 24823 38
DEBUG:PIL.PngImagePlugin:STREAM b'IHDR' 16 13
DEBUG:PIL.PngImagePlugin:STREAM b'oFFs' 41 9
DEBUG:PIL.PngImagePlugin:b'oFFs' 41 9 (unknown)
DEBUG:PIL.PngImagePlugin:STREAM b'pHYs' 62 9
DEBUG:PIL.PngImagePlugin:STREAM b'zTXt' 83 2734
DEBUG:PIL.PngImagePlugin:STREAM b'zTXt' 2829 1728
DEBUG:PIL.PngImagePlugin:STREAM b'IDAT' 4569 20185
DEBUG:PIL.PngImagePlugin:STREAM b'zTXt' 24766 45
DEBUG:PIL.PngImagePlugin:STREAM b'zTXt' 24823 38
DEBUG:PIL.PngImagePlugin:STREAM b'IHDR' 16 13
DEBUG:PIL.PngImagePlugin:STREAM b'oFFs' 41 9
DEBUG:PIL.PngImagePlugin:b'oFFs' 41 9 (unknown)
DEBUG:PIL.PngImagePlugin:STREAM b'pHYs' 62 9
DEBUG:PIL.PngImagePlugin:STREAM b'zTXt' 83 2145
DEBUG:PIL.PngImagePlugin:STREAM b'zTXt' 2240 1733
DEBUG:PIL.PngImagePlugin:STREAM b'IDAT' 3985 5095
DEBUG:PIL.PngImagePlugin:STREAM b'zTXt' 9092 45
DEBUG:PIL.PngImagePlugin:STREAM b'zTXt' 9149 38
